[0.012s] Invoking command in '/home/ggmc/Documents/Prova1M6/build/turtlesim': CMAKE_PREFIX_PATH=/opt/ros/humble /usr/bin/cmake /home/ggmc/Documents/Prova1M6/src/ros_tutorials/turtlesim -DCMAKE_INSTALL_PREFIX=/home/ggmc/Documents/Prova1M6/install/turtlesim
[0.325s] -- The C compiler identification is GNU 11.4.0
[0.499s] -- The CXX compiler identification is GNU 11.4.0
[0.525s] -- Detecting C compiler ABI info
[0.615s] -- Detecting C compiler ABI info - done
[0.624s] -- Check for working C compiler: /usr/bin/cc - skipped
[0.628s] -- Detecting C compile features
[0.630s] -- Detecting C compile features - done
[0.635s] -- Detecting CXX compiler ABI info
[0.701s] -- Detecting CXX compiler ABI info - done
[0.707s] -- Check for working CXX compiler: /usr/bin/c++ - skipped
[0.707s] -- Detecting CXX compile features
[0.707s] -- Detecting CXX compile features - done
[0.720s] -- Found ament_cmake: 1.3.8 (/opt/ros/humble/share/ament_cmake/cmake)
[0.848s] -- Found Python3: /usr/bin/python3 (found version "3.10.12") found components: Interpreter 
[0.960s] -- Found ament_index_cpp: 1.4.0 (/opt/ros/humble/share/ament_index_cpp/cmake)
[0.964s] -- Found geometry_msgs: 4.2.3 (/opt/ros/humble/share/geometry_msgs/cmake)
[1.025s] -- Found rosidl_generator_c: 3.1.5 (/opt/ros/humble/share/rosidl_generator_c/cmake)
[1.033s] -- Found rosidl_adapter: 3.1.5 (/opt/ros/humble/share/rosidl_adapter/cmake)
[1.048s] -- Found rosidl_generator_cpp: 3.1.5 (/opt/ros/humble/share/rosidl_generator_cpp/cmake)
[1.073s] -- Using all available rosidl_typesupport_c: rosidl_typesupport_fastrtps_c;rosidl_typesupport_introspection_c
[1.099s] -- Using all available rosidl_typesupport_cpp: rosidl_typesupport_fastrtps_cpp;rosidl_typesupport_introspection_cpp
[1.266s] -- Found rclcpp: 16.0.8 (/opt/ros/humble/share/rclcpp/cmake)
[1.343s] -- Found rmw_implementation_cmake: 6.1.1 (/opt/ros/humble/share/rmw_implementation_cmake/cmake)
[1.348s] -- Found rmw_cyclonedds_cpp: 1.3.4 (/opt/ros/humble/share/rmw_cyclonedds_cpp/cmake)
[1.400s] -- Using RMW implementation 'rmw_cyclonedds_cpp' as default
[1.416s] -- Looking for pthread.h
[1.511s] -- Looking for pthread.h - found
[1.511s] -- Performing Test CMAKE_HAVE_LIBC_PTHREAD
[1.593s] -- Performing Test CMAKE_HAVE_LIBC_PTHREAD - Success
[1.593s] -- Found Threads: TRUE  
[1.719s] -- Found rclcpp_action: 16.0.8 (/opt/ros/humble/share/rclcpp_action/cmake)
[1.816s] -- Found rosidl_default_generators: 1.2.0 (/opt/ros/humble/share/rosidl_default_generators/cmake)
[1.829s] -- Found std_srvs: 4.2.3 (/opt/ros/humble/share/std_srvs/cmake)
[2.108s] -- Found ament_cmake_ros: 0.10.0 (/opt/ros/humble/share/ament_cmake_ros/cmake)
[2.504s] -- Using all available rosidl_typesupport_c: rosidl_typesupport_fastrtps_c;rosidl_typesupport_introspection_c
[2.598s] -- Using all available rosidl_typesupport_cpp: rosidl_typesupport_fastrtps_cpp;rosidl_typesupport_introspection_cpp
[2.614s] -- Found PythonInterp: /usr/bin/python3 (found suitable version "3.10.12", minimum required is "3.6") 
[2.617s] -- Found python_cmake_module: 0.10.0 (/opt/ros/humble/share/python_cmake_module/cmake)
[2.639s] -- Found PythonLibs: /usr/lib/x86_64-linux-gnu/libpython3.10.so (found suitable version "3.10.12", minimum required is "3.5") 
[2.639s] -- Using PYTHON_EXECUTABLE: /usr/bin/python3
[2.639s] -- Using PYTHON_INCLUDE_DIRS: /usr/include/python3.10
[2.639s] -- Using PYTHON_LIBRARIES: /usr/lib/x86_64-linux-gnu/libpython3.10.so
[2.653s] -- Found PythonExtra: .so  
[2.701s] -- Configuring done
[2.782s] -- Generating done
[2.785s] -- Build files have been written to: /home/ggmc/Documents/Prova1M6/build/turtlesim
[2.795s] Invoked command in '/home/ggmc/Documents/Prova1M6/build/turtlesim' returned '0': CMAKE_PREFIX_PATH=/opt/ros/humble /usr/bin/cmake /home/ggmc/Documents/Prova1M6/src/ros_tutorials/turtlesim -DCMAKE_INSTALL_PREFIX=/home/ggmc/Documents/Prova1M6/install/turtlesim
[2.796s] Invoking command in '/home/ggmc/Documents/Prova1M6/build/turtlesim': CMAKE_PREFIX_PATH=/opt/ros/humble /usr/bin/cmake --build /home/ggmc/Documents/Prova1M6/build/turtlesim -- -j8 -l8
[2.826s] [  1%] [34m[1mGenerating C code for ROS interfaces[0m
[2.833s] [  2%] [34m[1mGenerating C++ code for ROS interfaces[0m
[2.839s] [  2%] Built target ament_cmake_python_copy_turtlesim
[3.040s] running egg_info
[3.040s] creating turtlesim.egg-info
[3.041s] writing turtlesim.egg-info/PKG-INFO
[3.041s] writing dependency_links to turtlesim.egg-info/dependency_links.txt
[3.041s] writing top-level names to turtlesim.egg-info/top_level.txt
[3.041s] writing manifest file 'turtlesim.egg-info/SOURCES.txt'
[3.045s] reading manifest file 'turtlesim.egg-info/SOURCES.txt'
[3.046s] writing manifest file 'turtlesim.egg-info/SOURCES.txt'
[3.070s] [  2%] Built target ament_cmake_python_build_turtlesim_egg
[3.751s] [  2%] Built target turtlesim__cpp
[3.762s] [  4%] [34m[1mGenerating C++ type support for eProsima Fast-RTPS[0m
[3.762s] [  4%] [34m[1mGenerating C++ type support dispatch for ROS interfaces[0m
[3.781s] [  5%] [34m[1mGenerating C++ introspection for ROS interfaces[0m
[3.798s] [  8%] [32mBuilding C object CMakeFiles/turtlesim__rosidl_generator_c.dir/rosidl_generator_c/turtlesim/action/detail/rotate_absolute__functions.c.o[0m
[3.798s] [  8%] [32mBuilding C object CMakeFiles/turtlesim__rosidl_generator_c.dir/rosidl_generator_c/turtlesim/msg/detail/color__functions.c.o[0m
[3.798s] [  8%] [32mBuilding C object CMakeFiles/turtlesim__rosidl_generator_c.dir/rosidl_generator_c/turtlesim/srv/detail/kill__functions.c.o[0m
[3.803s] [ 10%] [32mBuilding C object CMakeFiles/turtlesim__rosidl_generator_c.dir/rosidl_generator_c/turtlesim/srv/detail/set_pen__functions.c.o[0m
[3.803s] [ 10%] [32mBuilding C object CMakeFiles/turtlesim__rosidl_generator_c.dir/rosidl_generator_c/turtlesim/msg/detail/pose__functions.c.o[0m
[3.883s] [ 11%] [32mBuilding C object CMakeFiles/turtlesim__rosidl_generator_c.dir/rosidl_generator_c/turtlesim/srv/detail/spawn__functions.c.o[0m
[3.890s] [ 12%] [32mBuilding C object CMakeFiles/turtlesim__rosidl_generator_c.dir/rosidl_generator_c/turtlesim/srv/detail/teleport_absolute__functions.c.o[0m
[3.892s] [ 13%] [32mBuilding C object CMakeFiles/turtlesim__rosidl_generator_c.dir/rosidl_generator_c/turtlesim/srv/detail/teleport_relative__functions.c.o[0m
[4.437s] [ 14%] [32m[1mLinking C shared library libturtlesim__rosidl_generator_c.so[0m
[5.020s] [ 14%] Built target turtlesim__rosidl_generator_c
[5.028s] [ 15%] [34m[1mGenerating C type support for eProsima Fast-RTPS[0m
[5.033s] [ 16%] [34m[1mGenerating C introspection for ROS interfaces[0m
[5.034s] [ 17%] [34m[1mGenerating C type support dispatch for ROS interfaces[0m
[5.161s] [ 18%] [32mBuilding CXX object CMakeFiles/turtlesim__rosidl_typesupport_cpp.dir/rosidl_typesupport_cpp/turtlesim/msg/color__type_support.cpp.o[0m
[5.161s] [ 19%] [32mBuilding CXX object CMakeFiles/turtlesim__rosidl_typesupport_cpp.dir/rosidl_typesupport_cpp/turtlesim/msg/pose__type_support.cpp.o[0m
[5.162s] [ 20%] [32mBuilding CXX object CMakeFiles/turtlesim__rosidl_typesupport_cpp.dir/rosidl_typesupport_cpp/turtlesim/action/rotate_absolute__type_support.cpp.o[0m
[5.602s] [ 21%] [32mBuilding CXX object CMakeFiles/turtlesim__rosidl_typesupport_cpp.dir/rosidl_typesupport_cpp/turtlesim/srv/set_pen__type_support.cpp.o[0m
[5.603s] [ 22%] [32mBuilding CXX object CMakeFiles/turtlesim__rosidl_typesupport_cpp.dir/rosidl_typesupport_cpp/turtlesim/srv/kill__type_support.cpp.o[0m
[5.674s] [ 23%] [32mBuilding CXX object CMakeFiles/turtlesim__rosidl_typesupport_introspection_cpp.dir/rosidl_typesupport_introspection_cpp/turtlesim/action/detail/rotate_absolute__type_support.cpp.o[0m
[5.751s] [ 24%] [32mBuilding CXX object CMakeFiles/turtlesim__rosidl_typesupport_c.dir/rosidl_typesupport_c/turtlesim/action/rotate_absolute__type_support.cpp.o[0m
[5.844s] [ 25%] [32mBuilding CXX object CMakeFiles/turtlesim__rosidl_typesupport_introspection_cpp.dir/rosidl_typesupport_introspection_cpp/turtlesim/msg/detail/color__type_support.cpp.o[0m
[5.853s] [ 26%] [32mBuilding CXX object CMakeFiles/turtlesim__rosidl_typesupport_c.dir/rosidl_typesupport_c/turtlesim/msg/color__type_support.cpp.o[0m
[5.905s] [ 27%] [32mBuilding CXX object CMakeFiles/turtlesim__rosidl_typesupport_c.dir/rosidl_typesupport_c/turtlesim/msg/pose__type_support.cpp.o[0m
[5.906s] [ 28%] [32mBuilding CXX object CMakeFiles/turtlesim__rosidl_typesupport_cpp.dir/rosidl_typesupport_cpp/turtlesim/srv/spawn__type_support.cpp.o[0m
[5.912s] [ 29%] [32mBuilding CXX object CMakeFiles/turtlesim__rosidl_typesupport_cpp.dir/rosidl_typesupport_cpp/turtlesim/srv/teleport_absolute__type_support.cpp.o[0m
[5.921s] [ 30%] [32mBuilding CXX object CMakeFiles/turtlesim__rosidl_typesupport_fastrtps_cpp.dir/rosidl_typesupport_fastrtps_cpp/turtlesim/action/detail/dds_fastrtps/rotate_absolute__type_support.cpp.o[0m
[5.957s] [ 31%] [32mBuilding CXX object CMakeFiles/turtlesim__rosidl_typesupport_c.dir/rosidl_typesupport_c/turtlesim/srv/kill__type_support.cpp.o[0m
[6.001s] [ 32%] [32mBuilding CXX object CMakeFiles/turtlesim__rosidl_typesupport_c.dir/rosidl_typesupport_c/turtlesim/srv/set_pen__type_support.cpp.o[0m
[6.036s] [ 33%] [32mBuilding CXX object CMakeFiles/turtlesim__rosidl_typesupport_c.dir/rosidl_typesupport_c/turtlesim/srv/spawn__type_support.cpp.o[0m
[6.093s] [ 34%] [32mBuilding C object CMakeFiles/turtlesim__rosidl_typesupport_introspection_c.dir/rosidl_typesupport_introspection_c/turtlesim/action/detail/rotate_absolute__type_support.c.o[0m
[6.141s] [ 35%] [32mBuilding CXX object CMakeFiles/turtlesim__rosidl_typesupport_fastrtps_c.dir/rosidl_typesupport_fastrtps_c/turtlesim/action/detail/rotate_absolute__type_support_c.cpp.o[0m
[6.247s] [ 36%] [32mBuilding C object CMakeFiles/turtlesim__rosidl_typesupport_introspection_c.dir/rosidl_typesupport_introspection_c/turtlesim/msg/detail/color__type_support.c.o[0m
[6.248s] [ 37%] [32mBuilding CXX object CMakeFiles/turtlesim__rosidl_typesupport_c.dir/rosidl_typesupport_c/turtlesim/srv/teleport_absolute__type_support.cpp.o[0m
[6.252s] [ 38%] [32mBuilding CXX object CMakeFiles/turtlesim__rosidl_typesupport_fastrtps_cpp.dir/rosidl_typesupport_fastrtps_cpp/turtlesim/msg/detail/dds_fastrtps/color__type_support.cpp.o[0m
[6.253s] [ 39%] [32mBuilding CXX object CMakeFiles/turtlesim__rosidl_typesupport_cpp.dir/rosidl_typesupport_cpp/turtlesim/srv/teleport_relative__type_support.cpp.o[0m
[6.340s] [ 40%] [32mBuilding CXX object CMakeFiles/turtlesim__rosidl_typesupport_c.dir/rosidl_typesupport_c/turtlesim/srv/teleport_relative__type_support.cpp.o[0m
[6.340s] [ 41%] [32mBuilding C object CMakeFiles/turtlesim__rosidl_typesupport_introspection_c.dir/rosidl_typesupport_introspection_c/turtlesim/msg/detail/pose__type_support.c.o[0m
[6.351s] [ 42%] [32mBuilding C object CMakeFiles/turtlesim__rosidl_typesupport_introspection_c.dir/rosidl_typesupport_introspection_c/turtlesim/srv/detail/kill__type_support.c.o[0m
[6.377s] [ 43%] [32m[1mLinking CXX shared library libturtlesim__rosidl_typesupport_c.so[0m
[6.381s] [ 44%] [32mBuilding CXX object CMakeFiles/turtlesim__rosidl_typesupport_fastrtps_c.dir/rosidl_typesupport_fastrtps_c/turtlesim/msg/detail/color__type_support_c.cpp.o[0m
[6.396s] [ 45%] [32mBuilding C object CMakeFiles/turtlesim__rosidl_typesupport_introspection_c.dir/rosidl_typesupport_introspection_c/turtlesim/srv/detail/set_pen__type_support.c.o[0m
[6.425s] [ 46%] [32mBuilding CXX object CMakeFiles/turtlesim__rosidl_typesupport_introspection_cpp.dir/rosidl_typesupport_introspection_cpp/turtlesim/msg/detail/pose__type_support.cpp.o[0m
[6.447s] [ 46%] Built target turtlesim__rosidl_typesupport_c
[6.459s] [ 47%] [32mBuilding C object CMakeFiles/turtlesim__rosidl_typesupport_introspection_c.dir/rosidl_typesupport_introspection_c/turtlesim/srv/detail/spawn__type_support.c.o[0m
[6.474s] [ 48%] [32mBuilding C object CMakeFiles/turtlesim__rosidl_typesupport_introspection_c.dir/rosidl_typesupport_introspection_c/turtlesim/srv/detail/teleport_absolute__type_support.c.o[0m
[6.509s] [ 49%] [32mBuilding CXX object CMakeFiles/turtlesim__rosidl_typesupport_fastrtps_cpp.dir/rosidl_typesupport_fastrtps_cpp/turtlesim/msg/detail/dds_fastrtps/pose__type_support.cpp.o[0m
[6.533s] [ 50%] [32mBuilding CXX object CMakeFiles/turtlesim__rosidl_typesupport_introspection_cpp.dir/rosidl_typesupport_introspection_cpp/turtlesim/srv/detail/kill__type_support.cpp.o[0m
[6.536s] [ 51%] [32mBuilding C object CMakeFiles/turtlesim__rosidl_typesupport_introspection_c.dir/rosidl_typesupport_introspection_c/turtlesim/srv/detail/teleport_relative__type_support.c.o[0m
[6.547s] [ 52%] [32m[1mLinking CXX shared library libturtlesim__rosidl_typesupport_cpp.so[0m
[6.594s] [ 53%] [32m[1mLinking C shared library libturtlesim__rosidl_typesupport_introspection_c.so[0m
[6.644s] [ 53%] Built target turtlesim__rosidl_typesupport_introspection_c
[6.655s] [ 54%] [32mBuilding CXX object CMakeFiles/turtlesim__rosidl_typesupport_introspection_cpp.dir/rosidl_typesupport_introspection_cpp/turtlesim/srv/detail/set_pen__type_support.cpp.o[0m
[6.664s] [ 54%] Built target turtlesim__rosidl_typesupport_cpp
[6.680s] [ 55%] [32mBuilding CXX object CMakeFiles/turtlesim__rosidl_typesupport_fastrtps_cpp.dir/rosidl_typesupport_fastrtps_cpp/turtlesim/srv/detail/dds_fastrtps/kill__type_support.cpp.o[0m
[6.681s] [ 56%] [32mBuilding CXX object CMakeFiles/turtlesim__rosidl_typesupport_fastrtps_cpp.dir/rosidl_typesupport_fastrtps_cpp/turtlesim/srv/detail/dds_fastrtps/set_pen__type_support.cpp.o[0m
[6.758s] [ 57%] [32mBuilding CXX object CMakeFiles/turtlesim__rosidl_typesupport_fastrtps_cpp.dir/rosidl_typesupport_fastrtps_cpp/turtlesim/srv/detail/dds_fastrtps/spawn__type_support.cpp.o[0m
[6.782s] [ 58%] [32mBuilding CXX object CMakeFiles/turtlesim__rosidl_typesupport_fastrtps_c.dir/rosidl_typesupport_fastrtps_c/turtlesim/msg/detail/pose__type_support_c.cpp.o[0m
[6.918s] [ 59%] [32mBuilding CXX object CMakeFiles/turtlesim__rosidl_typesupport_introspection_cpp.dir/rosidl_typesupport_introspection_cpp/turtlesim/srv/detail/spawn__type_support.cpp.o[0m
[6.997s] [ 60%] [32mBuilding CXX object CMakeFiles/turtlesim__rosidl_typesupport_fastrtps_c.dir/rosidl_typesupport_fastrtps_c/turtlesim/srv/detail/kill__type_support_c.cpp.o[0m
[7.011s] [ 61%] [32mBuilding CXX object CMakeFiles/turtlesim__rosidl_typesupport_fastrtps_cpp.dir/rosidl_typesupport_fastrtps_cpp/turtlesim/srv/detail/dds_fastrtps/teleport_absolute__type_support.cpp.o[0m
[7.172s] [ 62%] [32mBuilding CXX object CMakeFiles/turtlesim__rosidl_typesupport_introspection_cpp.dir/rosidl_typesupport_introspection_cpp/turtlesim/srv/detail/teleport_absolute__type_support.cpp.o[0m
[7.174s] [ 63%] [32mBuilding CXX object CMakeFiles/turtlesim__rosidl_typesupport_fastrtps_c.dir/rosidl_typesupport_fastrtps_c/turtlesim/srv/detail/set_pen__type_support_c.cpp.o[0m
[7.175s] [ 64%] [32mBuilding CXX object CMakeFiles/turtlesim__rosidl_typesupport_fastrtps_cpp.dir/rosidl_typesupport_fastrtps_cpp/turtlesim/srv/detail/dds_fastrtps/teleport_relative__type_support.cpp.o[0m
[7.231s] [ 65%] [32mBuilding CXX object CMakeFiles/turtlesim__rosidl_typesupport_fastrtps_c.dir/rosidl_typesupport_fastrtps_c/turtlesim/srv/detail/spawn__type_support_c.cpp.o[0m
[7.252s] [ 66%] [32mBuilding CXX object CMakeFiles/turtlesim__rosidl_typesupport_fastrtps_c.dir/rosidl_typesupport_fastrtps_c/turtlesim/srv/detail/teleport_absolute__type_support_c.cpp.o[0m
[7.371s] [ 67%] [32mBuilding CXX object CMakeFiles/turtlesim__rosidl_typesupport_introspection_cpp.dir/rosidl_typesupport_introspection_cpp/turtlesim/srv/detail/teleport_relative__type_support.cpp.o[0m
[7.397s] [ 68%] [32mBuilding CXX object CMakeFiles/turtlesim__rosidl_typesupport_fastrtps_c.dir/rosidl_typesupport_fastrtps_c/turtlesim/srv/detail/teleport_relative__type_support_c.cpp.o[0m
[7.490s] [ 69%] [34m[1mGenerating include/turtlesim/moc_turtle_frame.cpp[0m
[7.596s] [ 70%] [32mBuilding CXX object CMakeFiles/turtle_teleop_key.dir/tutorials/teleop_turtle_key.cpp.o[0m
[7.604s] [ 71%] [32mBuilding CXX object CMakeFiles/draw_square.dir/tutorials/draw_square.cpp.o[0m
[7.632s] [ 72%] [32m[1mLinking CXX shared library libturtlesim__rosidl_typesupport_fastrtps_cpp.so[0m
[7.655s] [ 73%] [32mBuilding CXX object CMakeFiles/turtlesim_node.dir/src/turtlesim.cpp.o[0m
[7.662s] [ 74%] [32mBuilding CXX object CMakeFiles/turtlesim_node.dir/src/turtle.cpp.o[0m
[7.679s] [ 75%] [32mBuilding CXX object CMakeFiles/mimic.dir/tutorials/mimic.cpp.o[0m
[7.750s] [ 75%] Built target turtlesim__rosidl_typesupport_fastrtps_cpp
[7.762s] [ 77%] [32m[1mLinking CXX shared library libturtlesim__rosidl_typesupport_fastrtps_c.so[0m
[7.762s] [ 77%] [32mBuilding CXX object CMakeFiles/turtlesim_node.dir/src/turtle_frame.cpp.o[0m
[7.782s] [ 78%] [32m[1mLinking CXX shared library libturtlesim__rosidl_typesupport_introspection_cpp.so[0m
[7.868s] [ 78%] Built target turtlesim__rosidl_typesupport_fastrtps_c
[7.872s] [ 78%] Built target turtlesim__rosidl_typesupport_introspection_cpp
[7.876s] [ 79%] [32mBuilding CXX object CMakeFiles/turtlesim_node.dir/include/turtlesim/moc_turtle_frame.cpp.o[0m
[7.891s] [ 79%] Built target turtlesim
[7.907s] [ 80%] [34m[1mGenerating Python code for ROS interfaces[0m
[10.678s] [ 80%] Built target turtlesim__py
[10.716s] [ 81%] [32mBuilding C object CMakeFiles/turtlesim__rosidl_generator_py.dir/rosidl_generator_py/turtlesim/action/_rotate_absolute_s.c.o[0m
[10.998s] [ 82%] [32mBuilding C object CMakeFiles/turtlesim__rosidl_generator_py.dir/rosidl_generator_py/turtlesim/msg/_color_s.c.o[0m
[11.132s] [ 83%] [32mBuilding C object CMakeFiles/turtlesim__rosidl_generator_py.dir/rosidl_generator_py/turtlesim/msg/_pose_s.c.o[0m
[11.277s] [ 84%] [32mBuilding C object CMakeFiles/turtlesim__rosidl_generator_py.dir/rosidl_generator_py/turtlesim/srv/_kill_s.c.o[0m
[11.436s] [ 85%] [32mBuilding C object CMakeFiles/turtlesim__rosidl_generator_py.dir/rosidl_generator_py/turtlesim/srv/_set_pen_s.c.o[0m
[11.607s] [ 86%] [32mBuilding C object CMakeFiles/turtlesim__rosidl_generator_py.dir/rosidl_generator_py/turtlesim/srv/_spawn_s.c.o[0m
[11.755s] [ 87%] [32mBuilding C object CMakeFiles/turtlesim__rosidl_generator_py.dir/rosidl_generator_py/turtlesim/srv/_teleport_absolute_s.c.o[0m
[11.888s] [ 88%] [32mBuilding C object CMakeFiles/turtlesim__rosidl_generator_py.dir/rosidl_generator_py/turtlesim/srv/_teleport_relative_s.c.o[0m
[12.057s] [ 89%] [32m[1mLinking C shared library rosidl_generator_py/turtlesim/libturtlesim__rosidl_generator_py.so[0m
[12.142s] [ 89%] Built target turtlesim__rosidl_generator_py
[12.165s] [ 90%] [32mBuilding C object CMakeFiles/turtlesim__rosidl_typesupport_fastrtps_c__pyext.dir/rosidl_generator_py/turtlesim/_turtlesim_s.ep.rosidl_typesupport_fastrtps_c.c.o[0m
[12.445s] [ 91%] [32m[1mLinking C shared library rosidl_generator_py/turtlesim/turtlesim_s__rosidl_typesupport_fastrtps_c.cpython-310-x86_64-linux-gnu.so[0m
[12.495s] [ 91%] Built target turtlesim__rosidl_typesupport_fastrtps_c__pyext
[12.520s] [ 92%] [32mBuilding C object CMakeFiles/turtlesim__rosidl_typesupport_introspection_c__pyext.dir/rosidl_generator_py/turtlesim/_turtlesim_s.ep.rosidl_typesupport_introspection_c.c.o[0m
[12.826s] [ 93%] [32m[1mLinking C shared library rosidl_generator_py/turtlesim/turtlesim_s__rosidl_typesupport_introspection_c.cpython-310-x86_64-linux-gnu.so[0m
[12.881s] [ 93%] Built target turtlesim__rosidl_typesupport_introspection_c__pyext
[12.910s] [ 94%] [32mBuilding C object CMakeFiles/turtlesim__rosidl_typesupport_c__pyext.dir/rosidl_generator_py/turtlesim/_turtlesim_s.ep.rosidl_typesupport_c.c.o[0m
[13.148s] [ 95%] [32m[1mLinking C shared library rosidl_generator_py/turtlesim/turtlesim_s__rosidl_typesupport_c.cpython-310-x86_64-linux-gnu.so[0m
[13.204s] [ 95%] Built target turtlesim__rosidl_typesupport_c__pyext
[15.025s] [ 96%] [32m[1mLinking CXX executable turtle_teleop_key[0m
[15.487s] [ 96%] Built target turtle_teleop_key
[17.532s] [ 97%] [32m[1mLinking CXX executable mimic[0m
[17.950s] [ 97%] Built target mimic
[18.577s] [ 98%] [32m[1mLinking CXX executable draw_square[0m
[18.981s] [ 98%] Built target draw_square
[21.944s] [100%] [32m[1mLinking CXX executable turtlesim_node[0m
[23.861s] [100%] Built target turtlesim_node
[23.885s] Invoked command in '/home/ggmc/Documents/Prova1M6/build/turtlesim' returned '0': CMAKE_PREFIX_PATH=/opt/ros/humble /usr/bin/cmake --build /home/ggmc/Documents/Prova1M6/build/turtlesim -- -j8 -l8
[24.024s] Invoking command in '/home/ggmc/Documents/Prova1M6/build/turtlesim': CMAKE_PREFIX_PATH=/opt/ros/humble /usr/bin/cmake --install /home/ggmc/Documents/Prova1M6/build/turtlesim
[24.028s] -- Install configuration: ""
[24.028s] -- Installing: /home/ggmc/Documents/Prova1M6/install/turtlesim/share/ament_index/resource_index/rosidl_interfaces/turtlesim
[24.029s] -- Installing: /home/ggmc/Documents/Prova1M6/install/turtlesim/include/turtlesim/turtlesim
[24.029s] -- Installing: /home/ggmc/Documents/Prova1M6/install/turtlesim/include/turtlesim/turtlesim/srv
[24.029s] -- Installing: /home/ggmc/Documents/Prova1M6/install/turtlesim/include/turtlesim/turtlesim/srv/teleport_absolute.h
[24.029s] -- Installing: /home/ggmc/Documents/Prova1M6/install/turtlesim/include/turtlesim/turtlesim/srv/kill.h
[24.029s] -- Installing: /home/ggmc/Documents/Prova1M6/install/turtlesim/include/turtlesim/turtlesim/srv/teleport_relative.h
[24.029s] -- Installing: /home/ggmc/Documents/Prova1M6/install/turtlesim/include/turtlesim/turtlesim/srv/set_pen.h
[24.029s] -- Installing: /home/ggmc/Documents/Prova1M6/install/turtlesim/include/turtlesim/turtlesim/srv/spawn.h
[24.029s] -- Installing: /home/ggmc/Documents/Prova1M6/install/turtlesim/include/turtlesim/turtlesim/srv/detail
[24.029s] -- Installing: /home/ggmc/Documents/Prova1M6/install/turtlesim/include/turtlesim/turtlesim/srv/detail/kill__functions.h
[24.029s] -- Installing: /home/ggmc/Documents/Prova1M6/install/turtlesim/include/turtlesim/turtlesim/srv/detail/spawn__functions.c
[24.029s] -- Installing: /home/ggmc/Documents/Prova1M6/install/turtlesim/include/turtlesim/turtlesim/srv/detail/spawn__functions.h
[24.029s] -- Installing: /home/ggmc/Documents/Prova1M6/install/turtlesim/include/turtlesim/turtlesim/srv/detail/teleport_relative__functions.h
[24.029s] -- Installing: /home/ggmc/Documents/Prova1M6/install/turtlesim/include/turtlesim/turtlesim/srv/detail/kill__struct.h
[24.029s] -- Installing: /home/ggmc/Documents/Prova1M6/install/turtlesim/include/turtlesim/turtlesim/srv/detail/set_pen__struct.h
[24.029s] -- Installing: /home/ggmc/Documents/Prova1M6/install/turtlesim/include/turtlesim/turtlesim/srv/detail/spawn__type_support.h
[24.030s] -- Installing: /home/ggmc/Documents/Prova1M6/install/turtlesim/include/turtlesim/turtlesim/srv/detail/teleport_relative__type_support.h
[24.030s] -- Installing: /home/ggmc/Documents/Prova1M6/install/turtlesim/include/turtlesim/turtlesim/srv/detail/teleport_absolute__functions.c
[24.030s] -- Installing: /home/ggmc/Documents/Prova1M6/install/turtlesim/include/turtlesim/turtlesim/srv/detail/kill__type_support.h
[24.030s] -- Installing: /home/ggmc/Documents/Prova1M6/install/turtlesim/include/turtlesim/turtlesim/srv/detail/teleport_relative__struct.h
[24.030s] -- Installing: /home/ggmc/Documents/Prova1M6/install/turtlesim/include/turtlesim/turtlesim/srv/detail/teleport_absolute__struct.h
[24.030s] -- Installing: /home/ggmc/Documents/Prova1M6/install/turtlesim/include/turtlesim/turtlesim/srv/detail/teleport_relative__functions.c
[24.030s] -- Installing: /home/ggmc/Documents/Prova1M6/install/turtlesim/include/turtlesim/turtlesim/srv/detail/teleport_absolute__functions.h
[24.035s] -- Installing: /home/ggmc/Documents/Prova1M6/install/turtlesim/include/turtlesim/turtlesim/srv/detail/set_pen__type_support.h
[24.035s] -- Installing: /home/ggmc/Documents/Prova1M6/install/turtlesim/include/turtlesim/turtlesim/srv/detail/teleport_absolute__type_support.h
[24.035s] -- Installing: /home/ggmc/Documents/Prova1M6/install/turtlesim/include/turtlesim/turtlesim/srv/detail/spawn__struct.h
[24.035s] -- Installing: /home/ggmc/Documents/Prova1M6/install/turtlesim/include/turtlesim/turtlesim/srv/detail/set_pen__functions.c
[24.035s] -- Installing: /home/ggmc/Documents/Prova1M6/install/turtlesim/include/turtlesim/turtlesim/srv/detail/set_pen__functions.h
[24.036s] -- Installing: /home/ggmc/Documents/Prova1M6/install/turtlesim/include/turtlesim/turtlesim/srv/detail/kill__functions.c
[24.036s] -- Installing: /home/ggmc/Documents/Prova1M6/install/turtlesim/include/turtlesim/turtlesim/msg
[24.036s] -- Installing: /home/ggmc/Documents/Prova1M6/install/turtlesim/include/turtlesim/turtlesim/msg/pose.h
[24.036s] -- Installing: /home/ggmc/Documents/Prova1M6/install/turtlesim/include/turtlesim/turtlesim/msg/color.h
[24.036s] -- Installing: /home/ggmc/Documents/Prova1M6/install/turtlesim/include/turtlesim/turtlesim/msg/rosidl_generator_c__visibility_control.h
[24.036s] -- Installing: /home/ggmc/Documents/Prova1M6/install/turtlesim/include/turtlesim/turtlesim/msg/detail
[24.036s] -- Installing: /home/ggmc/Documents/Prova1M6/install/turtlesim/include/turtlesim/turtlesim/msg/detail/pose__type_support.h
[24.036s] -- Installing: /home/ggmc/Documents/Prova1M6/install/turtlesim/include/turtlesim/turtlesim/msg/detail/color__functions.c
[24.036s] -- Installing: /home/ggmc/Documents/Prova1M6/install/turtlesim/include/turtlesim/turtlesim/msg/detail/color__struct.h
[24.036s] -- Installing: /home/ggmc/Documents/Prova1M6/install/turtlesim/include/turtlesim/turtlesim/msg/detail/pose__struct.h
[24.036s] -- Installing: /home/ggmc/Documents/Prova1M6/install/turtlesim/include/turtlesim/turtlesim/msg/detail/pose__functions.c
[24.036s] -- Installing: /home/ggmc/Documents/Prova1M6/install/turtlesim/include/turtlesim/turtlesim/msg/detail/color__type_support.h
[24.036s] -- Installing: /home/ggmc/Documents/Prova1M6/install/turtlesim/include/turtlesim/turtlesim/msg/detail/color__functions.h
[24.036s] -- Installing: /home/ggmc/Documents/Prova1M6/install/turtlesim/include/turtlesim/turtlesim/msg/detail/pose__functions.h
[24.036s] -- Installing: /home/ggmc/Documents/Prova1M6/install/turtlesim/include/turtlesim/turtlesim/action
[24.037s] -- Installing: /home/ggmc/Documents/Prova1M6/install/turtlesim/include/turtlesim/turtlesim/action/detail
[24.037s] -- Installing: /home/ggmc/Documents/Prova1M6/install/turtlesim/include/turtlesim/turtlesim/action/detail/rotate_absolute__type_support.h
[24.037s] -- Installing: /home/ggmc/Documents/Prova1M6/install/turtlesim/include/turtlesim/turtlesim/action/detail/rotate_absolute__functions.h
[24.037s] -- Installing: /home/ggmc/Documents/Prova1M6/install/turtlesim/include/turtlesim/turtlesim/action/detail/rotate_absolute__struct.h
[24.037s] -- Installing: /home/ggmc/Documents/Prova1M6/install/turtlesim/include/turtlesim/turtlesim/action/detail/rotate_absolute__functions.c
[24.037s] -- Installing: /home/ggmc/Documents/Prova1M6/install/turtlesim/include/turtlesim/turtlesim/action/rotate_absolute.h
[24.037s] -- Installing: /home/ggmc/Documents/Prova1M6/install/turtlesim/share/turtlesim/environment/library_path.sh
[24.037s] -- Installing: /home/ggmc/Documents/Prova1M6/install/turtlesim/share/turtlesim/environment/library_path.dsv
[24.037s] -- Installing: /home/ggmc/Documents/Prova1M6/install/turtlesim/lib/libturtlesim__rosidl_generator_c.so
[24.037s] -- Set runtime path of "/home/ggmc/Documents/Prova1M6/install/turtlesim/lib/libturtlesim__rosidl_generator_c.so" to ""
[24.038s] -- Up-to-date: /home/ggmc/Documents/Prova1M6/install/turtlesim/include/turtlesim/turtlesim
[24.038s] -- Up-to-date: /home/ggmc/Documents/Prova1M6/install/turtlesim/include/turtlesim/turtlesim/srv
[24.038s] -- Up-to-date: /home/ggmc/Documents/Prova1M6/install/turtlesim/include/turtlesim/turtlesim/srv/detail
[24.038s] -- Installing: /home/ggmc/Documents/Prova1M6/install/turtlesim/include/turtlesim/turtlesim/srv/detail/teleport_absolute__rosidl_typesupport_fastrtps_c.h
[24.038s] -- Installing: /home/ggmc/Documents/Prova1M6/install/turtlesim/include/turtlesim/turtlesim/srv/detail/teleport_relative__rosidl_typesupport_fastrtps_c.h
[24.038s] -- Installing: /home/ggmc/Documents/Prova1M6/install/turtlesim/include/turtlesim/turtlesim/srv/detail/kill__rosidl_typesupport_fastrtps_c.h
[24.038s] -- Installing: /home/ggmc/Documents/Prova1M6/install/turtlesim/include/turtlesim/turtlesim/srv/detail/spawn__rosidl_typesupport_fastrtps_c.h
[24.045s] -- Installing: /home/ggmc/Documents/Prova1M6/install/turtlesim/include/turtlesim/turtlesim/srv/detail/set_pen__rosidl_typesupport_fastrtps_c.h
[24.045s] -- Up-to-date: /home/ggmc/Documents/Prova1M6/install/turtlesim/include/turtlesim/turtlesim/msg
[24.045s] -- Installing: /home/ggmc/Documents/Prova1M6/install/turtlesim/include/turtlesim/turtlesim/msg/rosidl_typesupport_fastrtps_c__visibility_control.h
[24.045s] -- Up-to-date: /home/ggmc/Documents/Prova1M6/install/turtlesim/include/turtlesim/turtlesim/msg/detail
[24.045s] -- Installing: /home/ggmc/Documents/Prova1M6/install/turtlesim/include/turtlesim/turtlesim/msg/detail/pose__rosidl_typesupport_fastrtps_c.h
[24.045s] -- Installing: /home/ggmc/Documents/Prova1M6/install/turtlesim/include/turtlesim/turtlesim/msg/detail/color__rosidl_typesupport_fastrtps_c.h
[24.045s] -- Up-to-date: /home/ggmc/Documents/Prova1M6/install/turtlesim/include/turtlesim/turtlesim/action
[24.045s] -- Up-to-date: /home/ggmc/Documents/Prova1M6/install/turtlesim/include/turtlesim/turtlesim/action/detail
[24.045s] -- Installing: /home/ggmc/Documents/Prova1M6/install/turtlesim/include/turtlesim/turtlesim/action/detail/rotate_absolute__rosidl_typesupport_fastrtps_c.h
[24.045s] -- Installing: /home/ggmc/Documents/Prova1M6/install/turtlesim/lib/libturtlesim__rosidl_typesupport_fastrtps_c.so
[24.046s] -- Set runtime path of "/home/ggmc/Documents/Prova1M6/install/turtlesim/lib/libturtlesim__rosidl_typesupport_fastrtps_c.so" to ""
[24.046s] -- Up-to-date: /home/ggmc/Documents/Prova1M6/install/turtlesim/include/turtlesim/turtlesim
[24.046s] -- Up-to-date: /home/ggmc/Documents/Prova1M6/install/turtlesim/include/turtlesim/turtlesim/srv
[24.046s] -- Installing: /home/ggmc/Documents/Prova1M6/install/turtlesim/include/turtlesim/turtlesim/srv/set_pen.hpp
[24.046s] -- Installing: /home/ggmc/Documents/Prova1M6/install/turtlesim/include/turtlesim/turtlesim/srv/kill.hpp
[24.046s] -- Installing: /home/ggmc/Documents/Prova1M6/install/turtlesim/include/turtlesim/turtlesim/srv/teleport_absolute.hpp
[24.046s] -- Installing: /home/ggmc/Documents/Prova1M6/install/turtlesim/include/turtlesim/turtlesim/srv/spawn.hpp
[24.046s] -- Up-to-date: /home/ggmc/Documents/Prova1M6/install/turtlesim/include/turtlesim/turtlesim/srv/detail
[24.046s] -- Installing: /home/ggmc/Documents/Prova1M6/install/turtlesim/include/turtlesim/turtlesim/srv/detail/teleport_absolute__traits.hpp
[24.046s] -- Installing: /home/ggmc/Documents/Prova1M6/install/turtlesim/include/turtlesim/turtlesim/srv/detail/spawn__builder.hpp
[24.046s] -- Installing: /home/ggmc/Documents/Prova1M6/install/turtlesim/include/turtlesim/turtlesim/srv/detail/kill__builder.hpp
[24.046s] -- Installing: /home/ggmc/Documents/Prova1M6/install/turtlesim/include/turtlesim/turtlesim/srv/detail/spawn__traits.hpp
[24.046s] -- Installing: /home/ggmc/Documents/Prova1M6/install/turtlesim/include/turtlesim/turtlesim/srv/detail/set_pen__struct.hpp
[24.046s] -- Installing: /home/ggmc/Documents/Prova1M6/install/turtlesim/include/turtlesim/turtlesim/srv/detail/set_pen__traits.hpp
[24.046s] -- Installing: /home/ggmc/Documents/Prova1M6/install/turtlesim/include/turtlesim/turtlesim/srv/detail/teleport_relative__builder.hpp
[24.046s] -- Installing: /home/ggmc/Documents/Prova1M6/install/turtlesim/include/turtlesim/turtlesim/srv/detail/teleport_absolute__builder.hpp
[24.046s] -- Installing: /home/ggmc/Documents/Prova1M6/install/turtlesim/include/turtlesim/turtlesim/srv/detail/teleport_absolute__struct.hpp
[24.046s] -- Installing: /home/ggmc/Documents/Prova1M6/install/turtlesim/include/turtlesim/turtlesim/srv/detail/teleport_relative__traits.hpp
[24.047s] -- Installing: /home/ggmc/Documents/Prova1M6/install/turtlesim/include/turtlesim/turtlesim/srv/detail/spawn__struct.hpp
[24.047s] -- Installing: /home/ggmc/Documents/Prova1M6/install/turtlesim/include/turtlesim/turtlesim/srv/detail/set_pen__builder.hpp
[24.047s] -- Installing: /home/ggmc/Documents/Prova1M6/install/turtlesim/include/turtlesim/turtlesim/srv/detail/kill__traits.hpp
[24.047s] -- Installing: /home/ggmc/Documents/Prova1M6/install/turtlesim/include/turtlesim/turtlesim/srv/detail/kill__struct.hpp
[24.047s] -- Installing: /home/ggmc/Documents/Prova1M6/install/turtlesim/include/turtlesim/turtlesim/srv/detail/teleport_relative__struct.hpp
[24.047s] -- Installing: /home/ggmc/Documents/Prova1M6/install/turtlesim/include/turtlesim/turtlesim/srv/teleport_relative.hpp
[24.047s] -- Up-to-date: /home/ggmc/Documents/Prova1M6/install/turtlesim/include/turtlesim/turtlesim/msg
[24.047s] -- Installing: /home/ggmc/Documents/Prova1M6/install/turtlesim/include/turtlesim/turtlesim/msg/color.hpp
[24.047s] -- Installing: /home/ggmc/Documents/Prova1M6/install/turtlesim/include/turtlesim/turtlesim/msg/pose.hpp
[24.047s] -- Up-to-date: /home/ggmc/Documents/Prova1M6/install/turtlesim/include/turtlesim/turtlesim/msg/detail
[24.047s] -- Installing: /home/ggmc/Documents/Prova1M6/install/turtlesim/include/turtlesim/turtlesim/msg/detail/color__struct.hpp
[24.047s] -- Installing: /home/ggmc/Documents/Prova1M6/install/turtlesim/include/turtlesim/turtlesim/msg/detail/pose__struct.hpp
[24.047s] -- Installing: /home/ggmc/Documents/Prova1M6/install/turtlesim/include/turtlesim/turtlesim/msg/detail/color__traits.hpp
[24.047s] -- Installing: /home/ggmc/Documents/Prova1M6/install/turtlesim/include/turtlesim/turtlesim/msg/detail/pose__traits.hpp
[24.047s] -- Installing: /home/ggmc/Documents/Prova1M6/install/turtlesim/include/turtlesim/turtlesim/msg/detail/color__builder.hpp
[24.047s] -- Installing: /home/ggmc/Documents/Prova1M6/install/turtlesim/include/turtlesim/turtlesim/msg/detail/pose__builder.hpp
[24.047s] -- Up-to-date: /home/ggmc/Documents/Prova1M6/install/turtlesim/include/turtlesim/turtlesim/action
[24.047s] -- Installing: /home/ggmc/Documents/Prova1M6/install/turtlesim/include/turtlesim/turtlesim/action/rotate_absolute.hpp
[24.047s] -- Up-to-date: /home/ggmc/Documents/Prova1M6/install/turtlesim/include/turtlesim/turtlesim/action/detail
[24.048s] -- Installing: /home/ggmc/Documents/Prova1M6/install/turtlesim/include/turtlesim/turtlesim/action/detail/rotate_absolute__struct.hpp
[24.048s] -- Installing: /home/ggmc/Documents/Prova1M6/install/turtlesim/include/turtlesim/turtlesim/action/detail/rotate_absolute__traits.hpp
[24.048s] -- Installing: /home/ggmc/Documents/Prova1M6/install/turtlesim/include/turtlesim/turtlesim/action/detail/rotate_absolute__builder.hpp
[24.048s] -- Up-to-date: /home/ggmc/Documents/Prova1M6/install/turtlesim/include/turtlesim/turtlesim
[24.048s] -- Up-to-date: /home/ggmc/Documents/Prova1M6/install/turtlesim/include/turtlesim/turtlesim/srv
[24.048s] -- Up-to-date: /home/ggmc/Documents/Prova1M6/install/turtlesim/include/turtlesim/turtlesim/srv/detail
[24.048s] -- Installing: /home/ggmc/Documents/Prova1M6/install/turtlesim/include/turtlesim/turtlesim/srv/detail/teleport_relative__rosidl_typesupport_fastrtps_cpp.hpp
[24.048s] -- Installing: /home/ggmc/Documents/Prova1M6/install/turtlesim/include/turtlesim/turtlesim/srv/detail/set_pen__rosidl_typesupport_fastrtps_cpp.hpp
[24.048s] -- Installing: /home/ggmc/Documents/Prova1M6/install/turtlesim/include/turtlesim/turtlesim/srv/detail/teleport_absolute__rosidl_typesupport_fastrtps_cpp.hpp
[24.048s] -- Installing: /home/ggmc/Documents/Prova1M6/install/turtlesim/include/turtlesim/turtlesim/srv/detail/spawn__rosidl_typesupport_fastrtps_cpp.hpp
[24.048s] -- Installing: /home/ggmc/Documents/Prova1M6/install/turtlesim/include/turtlesim/turtlesim/srv/detail/kill__rosidl_typesupport_fastrtps_cpp.hpp
[24.048s] -- Installing: /home/ggmc/Documents/Prova1M6/install/turtlesim/include/turtlesim/turtlesim/srv/detail/dds_fastrtps
[24.048s] -- Up-to-date: /home/ggmc/Documents/Prova1M6/install/turtlesim/include/turtlesim/turtlesim/msg
[24.048s] -- Installing: /home/ggmc/Documents/Prova1M6/install/turtlesim/include/turtlesim/turtlesim/msg/rosidl_typesupport_fastrtps_cpp__visibility_control.h
[24.048s] -- Up-to-date: /home/ggmc/Documents/Prova1M6/install/turtlesim/include/turtlesim/turtlesim/msg/detail
[24.048s] -- Installing: /home/ggmc/Documents/Prova1M6/install/turtlesim/include/turtlesim/turtlesim/msg/detail/color__rosidl_typesupport_fastrtps_cpp.hpp
[24.048s] -- Installing: /home/ggmc/Documents/Prova1M6/install/turtlesim/include/turtlesim/turtlesim/msg/detail/pose__rosidl_typesupport_fastrtps_cpp.hpp
[24.048s] -- Installing: /home/ggmc/Documents/Prova1M6/install/turtlesim/include/turtlesim/turtlesim/msg/detail/dds_fastrtps
[24.049s] -- Up-to-date: /home/ggmc/Documents/Prova1M6/install/turtlesim/include/turtlesim/turtlesim/action
[24.049s] -- Up-to-date: /home/ggmc/Documents/Prova1M6/install/turtlesim/include/turtlesim/turtlesim/action/detail
[24.049s] -- Installing: /home/ggmc/Documents/Prova1M6/install/turtlesim/include/turtlesim/turtlesim/action/detail/rotate_absolute__rosidl_typesupport_fastrtps_cpp.hpp
[24.049s] -- Installing: /home/ggmc/Documents/Prova1M6/install/turtlesim/include/turtlesim/turtlesim/action/detail/dds_fastrtps
[24.049s] -- Installing: /home/ggmc/Documents/Prova1M6/install/turtlesim/lib/libturtlesim__rosidl_typesupport_fastrtps_cpp.so
[24.049s] -- Set runtime path of "/home/ggmc/Documents/Prova1M6/install/turtlesim/lib/libturtlesim__rosidl_typesupport_fastrtps_cpp.so" to ""
[24.049s] -- Up-to-date: /home/ggmc/Documents/Prova1M6/install/turtlesim/include/turtlesim/turtlesim
[24.049s] -- Up-to-date: /home/ggmc/Documents/Prova1M6/install/turtlesim/include/turtlesim/turtlesim/srv
[24.049s] -- Up-to-date: /home/ggmc/Documents/Prova1M6/install/turtlesim/include/turtlesim/turtlesim/srv/detail
[24.049s] -- Installing: /home/ggmc/Documents/Prova1M6/install/turtlesim/include/turtlesim/turtlesim/srv/detail/teleport_absolute__type_support.c
[24.049s] -- Installing: /home/ggmc/Documents/Prova1M6/install/turtlesim/include/turtlesim/turtlesim/srv/detail/spawn__rosidl_typesupport_introspection_c.h
[24.049s] -- Installing: /home/ggmc/Documents/Prova1M6/install/turtlesim/include/turtlesim/turtlesim/srv/detail/set_pen__rosidl_typesupport_introspection_c.h
[24.049s] -- Installing: /home/ggmc/Documents/Prova1M6/install/turtlesim/include/turtlesim/turtlesim/srv/detail/teleport_relative__rosidl_typesupport_introspection_c.h
[24.049s] -- Installing: /home/ggmc/Documents/Prova1M6/install/turtlesim/include/turtlesim/turtlesim/srv/detail/teleport_absolute__rosidl_typesupport_introspection_c.h
[24.049s] -- Installing: /home/ggmc/Documents/Prova1M6/install/turtlesim/include/turtlesim/turtlesim/srv/detail/kill__type_support.c
[24.049s] -- Installing: /home/ggmc/Documents/Prova1M6/install/turtlesim/include/turtlesim/turtlesim/srv/detail/set_pen__type_support.c
[24.049s] -- Installing: /home/ggmc/Documents/Prova1M6/install/turtlesim/include/turtlesim/turtlesim/srv/detail/kill__rosidl_typesupport_introspection_c.h
[24.049s] -- Installing: /home/ggmc/Documents/Prova1M6/install/turtlesim/include/turtlesim/turtlesim/srv/detail/teleport_relative__type_support.c
[24.050s] -- Installing: /home/ggmc/Documents/Prova1M6/install/turtlesim/include/turtlesim/turtlesim/srv/detail/spawn__type_support.c
[24.050s] -- Up-to-date: /home/ggmc/Documents/Prova1M6/install/turtlesim/include/turtlesim/turtlesim/msg
[24.050s] -- Installing: /home/ggmc/Documents/Prova1M6/install/turtlesim/include/turtlesim/turtlesim/msg/rosidl_typesupport_introspection_c__visibility_control.h
[24.050s] -- Up-to-date: /home/ggmc/Documents/Prova1M6/install/turtlesim/include/turtlesim/turtlesim/msg/detail
[24.050s] -- Installing: /home/ggmc/Documents/Prova1M6/install/turtlesim/include/turtlesim/turtlesim/msg/detail/pose__type_support.c
[24.050s] -- Installing: /home/ggmc/Documents/Prova1M6/install/turtlesim/include/turtlesim/turtlesim/msg/detail/pose__rosidl_typesupport_introspection_c.h
[24.050s] -- Installing: /home/ggmc/Documents/Prova1M6/install/turtlesim/include/turtlesim/turtlesim/msg/detail/color__rosidl_typesupport_introspection_c.h
[24.050s] -- Installing: /home/ggmc/Documents/Prova1M6/install/turtlesim/include/turtlesim/turtlesim/msg/detail/color__type_support.c
[24.050s] -- Up-to-date: /home/ggmc/Documents/Prova1M6/install/turtlesim/include/turtlesim/turtlesim/action
[24.050s] -- Up-to-date: /home/ggmc/Documents/Prova1M6/install/turtlesim/include/turtlesim/turtlesim/action/detail
[24.050s] -- Installing: /home/ggmc/Documents/Prova1M6/install/turtlesim/include/turtlesim/turtlesim/action/detail/rotate_absolute__type_support.c
[24.050s] -- Installing: /home/ggmc/Documents/Prova1M6/install/turtlesim/include/turtlesim/turtlesim/action/detail/rotate_absolute__rosidl_typesupport_introspection_c.h
[24.050s] -- Installing: /home/ggmc/Documents/Prova1M6/install/turtlesim/lib/libturtlesim__rosidl_typesupport_introspection_c.so
[24.051s] -- Set runtime path of "/home/ggmc/Documents/Prova1M6/install/turtlesim/lib/libturtlesim__rosidl_typesupport_introspection_c.so" to ""
[24.051s] -- Installing: /home/ggmc/Documents/Prova1M6/install/turtlesim/lib/libturtlesim__rosidl_typesupport_c.so
[24.051s] -- Set runtime path of "/home/ggmc/Documents/Prova1M6/install/turtlesim/lib/libturtlesim__rosidl_typesupport_c.so" to ""
[24.051s] -- Up-to-date: /home/ggmc/Documents/Prova1M6/install/turtlesim/include/turtlesim/turtlesim
[24.051s] -- Up-to-date: /home/ggmc/Documents/Prova1M6/install/turtlesim/include/turtlesim/turtlesim/srv
[24.051s] -- Up-to-date: /home/ggmc/Documents/Prova1M6/install/turtlesim/include/turtlesim/turtlesim/srv/detail
[24.051s] -- Installing: /home/ggmc/Documents/Prova1M6/install/turtlesim/include/turtlesim/turtlesim/srv/detail/teleport_relative__rosidl_typesupport_introspection_cpp.hpp
[24.051s] -- Installing: /home/ggmc/Documents/Prova1M6/install/turtlesim/include/turtlesim/turtlesim/srv/detail/set_pen__rosidl_typesupport_introspection_cpp.hpp
[24.051s] -- Installing: /home/ggmc/Documents/Prova1M6/install/turtlesim/include/turtlesim/turtlesim/srv/detail/kill__rosidl_typesupport_introspection_cpp.hpp
[24.052s] -- Installing: /home/ggmc/Documents/Prova1M6/install/turtlesim/include/turtlesim/turtlesim/srv/detail/teleport_absolute__type_support.cpp
[24.052s] -- Installing: /home/ggmc/Documents/Prova1M6/install/turtlesim/include/turtlesim/turtlesim/srv/detail/set_pen__type_support.cpp
[24.052s] -- Installing: /home/ggmc/Documents/Prova1M6/install/turtlesim/include/turtlesim/turtlesim/srv/detail/kill__type_support.cpp
[24.052s] -- Installing: /home/ggmc/Documents/Prova1M6/install/turtlesim/include/turtlesim/turtlesim/srv/detail/teleport_relative__type_support.cpp
[24.052s] -- Installing: /home/ggmc/Documents/Prova1M6/install/turtlesim/include/turtlesim/turtlesim/srv/detail/spawn__type_support.cpp
[24.052s] -- Installing: /home/ggmc/Documents/Prova1M6/install/turtlesim/include/turtlesim/turtlesim/srv/detail/teleport_absolute__rosidl_typesupport_introspection_cpp.hpp
[24.052s] -- Installing: /home/ggmc/Documents/Prova1M6/install/turtlesim/include/turtlesim/turtlesim/srv/detail/spawn__rosidl_typesupport_introspection_cpp.hpp
[24.052s] -- Up-to-date: /home/ggmc/Documents/Prova1M6/install/turtlesim/include/turtlesim/turtlesim/msg
[24.052s] -- Up-to-date: /home/ggmc/Documents/Prova1M6/install/turtlesim/include/turtlesim/turtlesim/msg/detail
[24.052s] -- Installing: /home/ggmc/Documents/Prova1M6/install/turtlesim/include/turtlesim/turtlesim/msg/detail/pose__rosidl_typesupport_introspection_cpp.hpp
[24.052s] -- Installing: /home/ggmc/Documents/Prova1M6/install/turtlesim/include/turtlesim/turtlesim/msg/detail/color__type_support.cpp
[24.052s] -- Installing: /home/ggmc/Documents/Prova1M6/install/turtlesim/include/turtlesim/turtlesim/msg/detail/color__rosidl_typesupport_introspection_cpp.hpp
[24.052s] -- Installing: /home/ggmc/Documents/Prova1M6/install/turtlesim/include/turtlesim/turtlesim/msg/detail/pose__type_support.cpp
[24.052s] -- Up-to-date: /home/ggmc/Documents/Prova1M6/install/turtlesim/include/turtlesim/turtlesim/action
[24.052s] -- Up-to-date: /home/ggmc/Documents/Prova1M6/install/turtlesim/include/turtlesim/turtlesim/action/detail
[24.052s] -- Installing: /home/ggmc/Documents/Prova1M6/install/turtlesim/include/turtlesim/turtlesim/action/detail/rotate_absolute__rosidl_typesupport_introspection_cpp.hpp
[24.052s] -- Installing: /home/ggmc/Documents/Prova1M6/install/turtlesim/include/turtlesim/turtlesim/action/detail/rotate_absolute__type_support.cpp
[24.053s] -- Installing: /home/ggmc/Documents/Prova1M6/install/turtlesim/lib/libturtlesim__rosidl_typesupport_introspection_cpp.so
[24.053s] -- Set runtime path of "/home/ggmc/Documents/Prova1M6/install/turtlesim/lib/libturtlesim__rosidl_typesupport_introspection_cpp.so" to ""
[24.053s] -- Installing: /home/ggmc/Documents/Prova1M6/install/turtlesim/lib/libturtlesim__rosidl_typesupport_cpp.so
[24.053s] -- Set runtime path of "/home/ggmc/Documents/Prova1M6/install/turtlesim/lib/libturtlesim__rosidl_typesupport_cpp.so" to ""
[24.053s] -- Installing: /home/ggmc/Documents/Prova1M6/install/turtlesim/share/turtlesim/environment/pythonpath.sh
[24.053s] -- Installing: /home/ggmc/Documents/Prova1M6/install/turtlesim/share/turtlesim/environment/pythonpath.dsv
[24.053s] -- Installing: /home/ggmc/Documents/Prova1M6/install/turtlesim/local/lib/python3.10/dist-packages/turtlesim-1.4.2-py3.10.egg-info
[24.053s] -- Installing: /home/ggmc/Documents/Prova1M6/install/turtlesim/local/lib/python3.10/dist-packages/turtlesim-1.4.2-py3.10.egg-info/SOURCES.txt
[24.054s] -- Installing: /home/ggmc/Documents/Prova1M6/install/turtlesim/local/lib/python3.10/dist-packages/turtlesim-1.4.2-py3.10.egg-info/top_level.txt
[24.054s] -- Installing: /home/ggmc/Documents/Prova1M6/install/turtlesim/local/lib/python3.10/dist-packages/turtlesim-1.4.2-py3.10.egg-info/dependency_links.txt
[24.054s] -- Installing: /home/ggmc/Documents/Prova1M6/install/turtlesim/local/lib/python3.10/dist-packages/turtlesim-1.4.2-py3.10.egg-info/PKG-INFO
[24.054s] -- Installing: /home/ggmc/Documents/Prova1M6/install/turtlesim/local/lib/python3.10/dist-packages/turtlesim
[24.054s] -- Installing: /home/ggmc/Documents/Prova1M6/install/turtlesim/local/lib/python3.10/dist-packages/turtlesim/srv
[24.054s] -- Installing: /home/ggmc/Documents/Prova1M6/install/turtlesim/local/lib/python3.10/dist-packages/turtlesim/srv/_set_pen_s.c
[24.054s] -- Installing: /home/ggmc/Documents/Prova1M6/install/turtlesim/local/lib/python3.10/dist-packages/turtlesim/srv/_teleport_relative_s.c
[24.054s] -- Installing: /home/ggmc/Documents/Prova1M6/install/turtlesim/local/lib/python3.10/dist-packages/turtlesim/srv/_kill_s.c
[24.054s] -- Installing: /home/ggmc/Documents/Prova1M6/install/turtlesim/local/lib/python3.10/dist-packages/turtlesim/srv/__init__.py
[24.054s] -- Installing: /home/ggmc/Documents/Prova1M6/install/turtlesim/local/lib/python3.10/dist-packages/turtlesim/srv/_spawn.py
[24.054s] -- Installing: /home/ggmc/Documents/Prova1M6/install/turtlesim/local/lib/python3.10/dist-packages/turtlesim/srv/_teleport_absolute.py
[24.054s] -- Installing: /home/ggmc/Documents/Prova1M6/install/turtlesim/local/lib/python3.10/dist-packages/turtlesim/srv/_teleport_relative.py
[24.055s] -- Installing: /home/ggmc/Documents/Prova1M6/install/turtlesim/local/lib/python3.10/dist-packages/turtlesim/srv/_teleport_absolute_s.c
[24.055s] -- Installing: /home/ggmc/Documents/Prova1M6/install/turtlesim/local/lib/python3.10/dist-packages/turtlesim/srv/_set_pen.py
[24.055s] -- Installing: /home/ggmc/Documents/Prova1M6/install/turtlesim/local/lib/python3.10/dist-packages/turtlesim/srv/_spawn_s.c
[24.055s] -- Installing: /home/ggmc/Documents/Prova1M6/install/turtlesim/local/lib/python3.10/dist-packages/turtlesim/srv/_kill.py
[24.055s] -- Installing: /home/ggmc/Documents/Prova1M6/install/turtlesim/local/lib/python3.10/dist-packages/turtlesim/msg
[24.055s] -- Installing: /home/ggmc/Documents/Prova1M6/install/turtlesim/local/lib/python3.10/dist-packages/turtlesim/msg/_pose_s.c
[24.055s] -- Installing: /home/ggmc/Documents/Prova1M6/install/turtlesim/local/lib/python3.10/dist-packages/turtlesim/msg/_color_s.c
[24.055s] -- Installing: /home/ggmc/Documents/Prova1M6/install/turtlesim/local/lib/python3.10/dist-packages/turtlesim/msg/__init__.py
[24.055s] -- Installing: /home/ggmc/Documents/Prova1M6/install/turtlesim/local/lib/python3.10/dist-packages/turtlesim/msg/_color.py
[24.055s] -- Installing: /home/ggmc/Documents/Prova1M6/install/turtlesim/local/lib/python3.10/dist-packages/turtlesim/msg/_pose.py
[24.055s] -- Installing: /home/ggmc/Documents/Prova1M6/install/turtlesim/local/lib/python3.10/dist-packages/turtlesim/_turtlesim_s.ep.rosidl_typesupport_c.c
[24.055s] -- Installing: /home/ggmc/Documents/Prova1M6/install/turtlesim/local/lib/python3.10/dist-packages/turtlesim/__init__.py
[24.055s] -- Installing: /home/ggmc/Documents/Prova1M6/install/turtlesim/local/lib/python3.10/dist-packages/turtlesim/turtlesim_s__rosidl_typesupport_introspection_c.cpython-310-x86_64-linux-gnu.so
[24.055s] -- Installing: /home/ggmc/Documents/Prova1M6/install/turtlesim/local/lib/python3.10/dist-packages/turtlesim/turtlesim_s__rosidl_typesupport_c.cpython-310-x86_64-linux-gnu.so
[24.055s] -- Installing: /home/ggmc/Documents/Prova1M6/install/turtlesim/local/lib/python3.10/dist-packages/turtlesim/_turtlesim_s.ep.rosidl_typesupport_fastrtps_c.c
[24.056s] -- Installing: /home/ggmc/Documents/Prova1M6/install/turtlesim/local/lib/python3.10/dist-packages/turtlesim/action
[24.056s] -- Installing: /home/ggmc/Documents/Prova1M6/install/turtlesim/local/lib/python3.10/dist-packages/turtlesim/action/__init__.py
[24.056s] -- Installing: /home/ggmc/Documents/Prova1M6/install/turtlesim/local/lib/python3.10/dist-packages/turtlesim/action/_rotate_absolute.py
[24.056s] -- Installing: /home/ggmc/Documents/Prova1M6/install/turtlesim/local/lib/python3.10/dist-packages/turtlesim/action/_rotate_absolute_s.c
[24.056s] -- Installing: /home/ggmc/Documents/Prova1M6/install/turtlesim/local/lib/python3.10/dist-packages/turtlesim/turtlesim_s__rosidl_typesupport_fastrtps_c.cpython-310-x86_64-linux-gnu.so
[24.056s] -- Installing: /home/ggmc/Documents/Prova1M6/install/turtlesim/local/lib/python3.10/dist-packages/turtlesim/_turtlesim_s.ep.rosidl_typesupport_introspection_c.c
[24.056s] -- Installing: /home/ggmc/Documents/Prova1M6/install/turtlesim/local/lib/python3.10/dist-packages/turtlesim/libturtlesim__rosidl_generator_py.so
[24.090s] Listing '/home/ggmc/Documents/Prova1M6/install/turtlesim/local/lib/python3.10/dist-packages/turtlesim'...
[24.090s] Compiling '/home/ggmc/Documents/Prova1M6/install/turtlesim/local/lib/python3.10/dist-packages/turtlesim/__init__.py'...
[24.090s] Listing '/home/ggmc/Documents/Prova1M6/install/turtlesim/local/lib/python3.10/dist-packages/turtlesim/action'...
[24.090s] Compiling '/home/ggmc/Documents/Prova1M6/install/turtlesim/local/lib/python3.10/dist-packages/turtlesim/action/__init__.py'...
[24.090s] Compiling '/home/ggmc/Documents/Prova1M6/install/turtlesim/local/lib/python3.10/dist-packages/turtlesim/action/_rotate_absolute.py'...
[24.090s] Listing '/home/ggmc/Documents/Prova1M6/install/turtlesim/local/lib/python3.10/dist-packages/turtlesim/msg'...
[24.090s] Compiling '/home/ggmc/Documents/Prova1M6/install/turtlesim/local/lib/python3.10/dist-packages/turtlesim/msg/__init__.py'...
[24.090s] Compiling '/home/ggmc/Documents/Prova1M6/install/turtlesim/local/lib/python3.10/dist-packages/turtlesim/msg/_color.py'...
[24.090s] Compiling '/home/ggmc/Documents/Prova1M6/install/turtlesim/local/lib/python3.10/dist-packages/turtlesim/msg/_pose.py'...
[24.090s] Listing '/home/ggmc/Documents/Prova1M6/install/turtlesim/local/lib/python3.10/dist-packages/turtlesim/srv'...
[24.090s] Compiling '/home/ggmc/Documents/Prova1M6/install/turtlesim/local/lib/python3.10/dist-packages/turtlesim/srv/__init__.py'...
[24.090s] Compiling '/home/ggmc/Documents/Prova1M6/install/turtlesim/local/lib/python3.10/dist-packages/turtlesim/srv/_kill.py'...
[24.090s] Compiling '/home/ggmc/Documents/Prova1M6/install/turtlesim/local/lib/python3.10/dist-packages/turtlesim/srv/_set_pen.py'...
[24.090s] Compiling '/home/ggmc/Documents/Prova1M6/install/turtlesim/local/lib/python3.10/dist-packages/turtlesim/srv/_spawn.py'...
[24.090s] Compiling '/home/ggmc/Documents/Prova1M6/install/turtlesim/local/lib/python3.10/dist-packages/turtlesim/srv/_teleport_absolute.py'...
[24.090s] Compiling '/home/ggmc/Documents/Prova1M6/install/turtlesim/local/lib/python3.10/dist-packages/turtlesim/srv/_teleport_relative.py'...
[24.093s] -- Installing: /home/ggmc/Documents/Prova1M6/install/turtlesim/local/lib/python3.10/dist-packages/turtlesim/turtlesim_s__rosidl_typesupport_fastrtps_c.cpython-310-x86_64-linux-gnu.so
[24.093s] -- Set runtime path of "/home/ggmc/Documents/Prova1M6/install/turtlesim/local/lib/python3.10/dist-packages/turtlesim/turtlesim_s__rosidl_typesupport_fastrtps_c.cpython-310-x86_64-linux-gnu.so" to ""
[24.093s] -- Installing: /home/ggmc/Documents/Prova1M6/install/turtlesim/local/lib/python3.10/dist-packages/turtlesim/turtlesim_s__rosidl_typesupport_introspection_c.cpython-310-x86_64-linux-gnu.so
[24.094s] -- Set runtime path of "/home/ggmc/Documents/Prova1M6/install/turtlesim/local/lib/python3.10/dist-packages/turtlesim/turtlesim_s__rosidl_typesupport_introspection_c.cpython-310-x86_64-linux-gnu.so" to ""
[24.094s] -- Installing: /home/ggmc/Documents/Prova1M6/install/turtlesim/local/lib/python3.10/dist-packages/turtlesim/turtlesim_s__rosidl_typesupport_c.cpython-310-x86_64-linux-gnu.so
[24.094s] -- Set runtime path of "/home/ggmc/Documents/Prova1M6/install/turtlesim/local/lib/python3.10/dist-packages/turtlesim/turtlesim_s__rosidl_typesupport_c.cpython-310-x86_64-linux-gnu.so" to ""
[24.094s] -- Installing: /home/ggmc/Documents/Prova1M6/install/turtlesim/lib/libturtlesim__rosidl_generator_py.so
[24.094s] -- Set runtime path of "/home/ggmc/Documents/Prova1M6/install/turtlesim/lib/libturtlesim__rosidl_generator_py.so" to ""
[24.094s] -- Installing: /home/ggmc/Documents/Prova1M6/install/turtlesim/share/turtlesim/action/RotateAbsolute.idl
[24.094s] -- Installing: /home/ggmc/Documents/Prova1M6/install/turtlesim/share/turtlesim/msg/Color.idl
[24.095s] -- Installing: /home/ggmc/Documents/Prova1M6/install/turtlesim/share/turtlesim/msg/Pose.idl
[24.095s] -- Installing: /home/ggmc/Documents/Prova1M6/install/turtlesim/share/turtlesim/srv/Kill.idl
[24.095s] -- Installing: /home/ggmc/Documents/Prova1M6/install/turtlesim/share/turtlesim/srv/SetPen.idl
[24.095s] -- Installing: /home/ggmc/Documents/Prova1M6/install/turtlesim/share/turtlesim/srv/Spawn.idl
[24.095s] -- Installing: /home/ggmc/Documents/Prova1M6/install/turtlesim/share/turtlesim/srv/TeleportAbsolute.idl
[24.095s] -- Installing: /home/ggmc/Documents/Prova1M6/install/turtlesim/share/turtlesim/srv/TeleportRelative.idl
[24.095s] -- Installing: /home/ggmc/Documents/Prova1M6/install/turtlesim/share/turtlesim/action/RotateAbsolute.action
[24.095s] -- Installing: /home/ggmc/Documents/Prova1M6/install/turtlesim/share/turtlesim/msg/Color.msg
[24.095s] -- Installing: /home/ggmc/Documents/Prova1M6/install/turtlesim/share/turtlesim/msg/Pose.msg
[24.095s] -- Installing: /home/ggmc/Documents/Prova1M6/install/turtlesim/share/turtlesim/srv/Kill.srv
[24.095s] -- Installing: /home/ggmc/Documents/Prova1M6/install/turtlesim/share/turtlesim/srv/Kill_Request.msg
[24.095s] -- Installing: /home/ggmc/Documents/Prova1M6/install/turtlesim/share/turtlesim/srv/Kill_Response.msg
[24.095s] -- Installing: /home/ggmc/Documents/Prova1M6/install/turtlesim/share/turtlesim/srv/SetPen.srv
[24.096s] -- Installing: /home/ggmc/Documents/Prova1M6/install/turtlesim/share/turtlesim/srv/SetPen_Request.msg
[24.096s] -- Installing: /home/ggmc/Documents/Prova1M6/install/turtlesim/share/turtlesim/srv/SetPen_Response.msg
[24.096s] -- Installing: /home/ggmc/Documents/Prova1M6/install/turtlesim/share/turtlesim/srv/Spawn.srv
[24.096s] -- Installing: /home/ggmc/Documents/Prova1M6/install/turtlesim/share/turtlesim/srv/Spawn_Request.msg
[24.096s] -- Installing: /home/ggmc/Documents/Prova1M6/install/turtlesim/share/turtlesim/srv/Spawn_Response.msg
[24.096s] -- Installing: /home/ggmc/Documents/Prova1M6/install/turtlesim/share/turtlesim/srv/TeleportAbsolute.srv
[24.096s] -- Installing: /home/ggmc/Documents/Prova1M6/install/turtlesim/share/turtlesim/srv/TeleportAbsolute_Request.msg
[24.096s] -- Installing: /home/ggmc/Documents/Prova1M6/install/turtlesim/share/turtlesim/srv/TeleportAbsolute_Response.msg
[24.096s] -- Installing: /home/ggmc/Documents/Prova1M6/install/turtlesim/share/turtlesim/srv/TeleportRelative.srv
[24.096s] -- Installing: /home/ggmc/Documents/Prova1M6/install/turtlesim/share/turtlesim/srv/TeleportRelative_Request.msg
[24.096s] -- Installing: /home/ggmc/Documents/Prova1M6/install/turtlesim/share/turtlesim/srv/TeleportRelative_Response.msg
[24.096s] -- Installing: /home/ggmc/Documents/Prova1M6/install/turtlesim/lib/turtlesim/turtlesim_node
[24.102s] -- Set runtime path of "/home/ggmc/Documents/Prova1M6/install/turtlesim/lib/turtlesim/turtlesim_node" to ""
[24.102s] -- Installing: /home/ggmc/Documents/Prova1M6/install/turtlesim/lib/turtlesim/turtle_teleop_key
[24.103s] -- Set runtime path of "/home/ggmc/Documents/Prova1M6/install/turtlesim/lib/turtlesim/turtle_teleop_key" to ""
[24.103s] -- Installing: /home/ggmc/Documents/Prova1M6/install/turtlesim/lib/turtlesim/draw_square
[24.105s] -- Set runtime path of "/home/ggmc/Documents/Prova1M6/install/turtlesim/lib/turtlesim/draw_square" to ""
[24.105s] -- Installing: /home/ggmc/Documents/Prova1M6/install/turtlesim/lib/turtlesim/mimic
[24.107s] -- Set runtime path of "/home/ggmc/Documents/Prova1M6/install/turtlesim/lib/turtlesim/mimic" to ""
[24.107s] -- Installing: /home/ggmc/Documents/Prova1M6/install/turtlesim/share/turtlesim/images
[24.107s] -- Installing: /home/ggmc/Documents/Prova1M6/install/turtlesim/share/turtlesim/images/crystal.png
[24.107s] -- Installing: /home/ggmc/Documents/Prova1M6/install/turtlesim/share/turtlesim/images/ardent.png
[24.107s] -- Installing: /home/ggmc/Documents/Prova1M6/install/turtlesim/share/turtlesim/images/galactic.png
[24.107s] -- Installing: /home/ggmc/Documents/Prova1M6/install/turtlesim/share/turtlesim/images/foxy.png
[24.107s] -- Installing: /home/ggmc/Documents/Prova1M6/install/turtlesim/share/turtlesim/images/eloquent.png
[24.107s] -- Installing: /home/ggmc/Documents/Prova1M6/install/turtlesim/share/turtlesim/images/bouncy.png
[24.107s] -- Installing: /home/ggmc/Documents/Prova1M6/install/turtlesim/share/turtlesim/images/rolling.png
[24.108s] -- Installing: /home/ggmc/Documents/Prova1M6/install/turtlesim/share/turtlesim/images/dashing.png
[24.108s] -- Installing: /home/ggmc/Documents/Prova1M6/install/turtlesim/share/turtlesim/images/humble.png
[24.108s] -- Installing: /home/ggmc/Documents/Prova1M6/install/turtlesim/share/turtlesim/launch
[24.108s] -- Installing: /home/ggmc/Documents/Prova1M6/install/turtlesim/share/turtlesim/launch/multisim.launch.py
[24.108s] -- Installing: /home/ggmc/Documents/Prova1M6/install/turtlesim/share/ament_index/resource_index/package_run_dependencies/turtlesim
[24.108s] -- Installing: /home/ggmc/Documents/Prova1M6/install/turtlesim/share/ament_index/resource_index/parent_prefix_path/turtlesim
[24.108s] -- Installing: /home/ggmc/Documents/Prova1M6/install/turtlesim/share/turtlesim/environment/ament_prefix_path.sh
[24.108s] -- Installing: /home/ggmc/Documents/Prova1M6/install/turtlesim/share/turtlesim/environment/ament_prefix_path.dsv
[24.108s] -- Installing: /home/ggmc/Documents/Prova1M6/install/turtlesim/share/turtlesim/environment/path.sh
[24.108s] -- Installing: /home/ggmc/Documents/Prova1M6/install/turtlesim/share/turtlesim/environment/path.dsv
[24.108s] -- Installing: /home/ggmc/Documents/Prova1M6/install/turtlesim/share/turtlesim/local_setup.bash
[24.108s] -- Installing: /home/ggmc/Documents/Prova1M6/install/turtlesim/share/turtlesim/local_setup.sh
[24.108s] -- Installing: /home/ggmc/Documents/Prova1M6/install/turtlesim/share/turtlesim/local_setup.zsh
[24.108s] -- Installing: /home/ggmc/Documents/Prova1M6/install/turtlesim/share/turtlesim/local_setup.dsv
[24.108s] -- Installing: /home/ggmc/Documents/Prova1M6/install/turtlesim/share/turtlesim/package.dsv
[24.109s] -- Installing: /home/ggmc/Documents/Prova1M6/install/turtlesim/share/ament_index/resource_index/packages/turtlesim
[24.109s] -- Installing: /home/ggmc/Documents/Prova1M6/install/turtlesim/share/turtlesim/cmake/export_turtlesim__rosidl_generator_cExport.cmake
[24.109s] -- Installing: /home/ggmc/Documents/Prova1M6/install/turtlesim/share/turtlesim/cmake/export_turtlesim__rosidl_generator_cExport-noconfig.cmake
[24.109s] -- Installing: /home/ggmc/Documents/Prova1M6/install/turtlesim/share/turtlesim/cmake/export_turtlesim__rosidl_typesupport_fastrtps_cExport.cmake
[24.109s] -- Installing: /home/ggmc/Documents/Prova1M6/install/turtlesim/share/turtlesim/cmake/export_turtlesim__rosidl_typesupport_fastrtps_cExport-noconfig.cmake
[24.109s] -- Installing: /home/ggmc/Documents/Prova1M6/install/turtlesim/share/turtlesim/cmake/export_turtlesim__rosidl_generator_cppExport.cmake
[24.109s] -- Installing: /home/ggmc/Documents/Prova1M6/install/turtlesim/share/turtlesim/cmake/export_turtlesim__rosidl_typesupport_fastrtps_cppExport.cmake
[24.109s] -- Installing: /home/ggmc/Documents/Prova1M6/install/turtlesim/share/turtlesim/cmake/export_turtlesim__rosidl_typesupport_fastrtps_cppExport-noconfig.cmake
[24.109s] -- Installing: /home/ggmc/Documents/Prova1M6/install/turtlesim/share/turtlesim/cmake/turtlesim__rosidl_typesupport_introspection_cExport.cmake
[24.109s] -- Installing: /home/ggmc/Documents/Prova1M6/install/turtlesim/share/turtlesim/cmake/turtlesim__rosidl_typesupport_introspection_cExport-noconfig.cmake
[24.109s] -- Installing: /home/ggmc/Documents/Prova1M6/install/turtlesim/share/turtlesim/cmake/turtlesim__rosidl_typesupport_cExport.cmake
[24.109s] -- Installing: /home/ggmc/Documents/Prova1M6/install/turtlesim/share/turtlesim/cmake/turtlesim__rosidl_typesupport_cExport-noconfig.cmake
[24.109s] -- Installing: /home/ggmc/Documents/Prova1M6/install/turtlesim/share/turtlesim/cmake/turtlesim__rosidl_typesupport_introspection_cppExport.cmake
[24.109s] -- Installing: /home/ggmc/Documents/Prova1M6/install/turtlesim/share/turtlesim/cmake/turtlesim__rosidl_typesupport_introspection_cppExport-noconfig.cmake
[24.110s] -- Installing: /home/ggmc/Documents/Prova1M6/install/turtlesim/share/turtlesim/cmake/turtlesim__rosidl_typesupport_cppExport.cmake
[24.110s] -- Installing: /home/ggmc/Documents/Prova1M6/install/turtlesim/share/turtlesim/cmake/turtlesim__rosidl_typesupport_cppExport-noconfig.cmake
[24.110s] -- Installing: /home/ggmc/Documents/Prova1M6/install/turtlesim/share/turtlesim/cmake/export_turtlesim__rosidl_generator_pyExport.cmake
[24.110s] -- Installing: /home/ggmc/Documents/Prova1M6/install/turtlesim/share/turtlesim/cmake/export_turtlesim__rosidl_generator_pyExport-noconfig.cmake
[24.110s] -- Installing: /home/ggmc/Documents/Prova1M6/install/turtlesim/share/turtlesim/cmake/rosidl_cmake-extras.cmake
[24.110s] -- Installing: /home/ggmc/Documents/Prova1M6/install/turtlesim/share/turtlesim/cmake/ament_cmake_export_dependencies-extras.cmake
[24.110s] -- Installing: /home/ggmc/Documents/Prova1M6/install/turtlesim/share/turtlesim/cmake/ament_cmake_export_include_directories-extras.cmake
[24.110s] -- Installing: /home/ggmc/Documents/Prova1M6/install/turtlesim/share/turtlesim/cmake/ament_cmake_export_libraries-extras.cmake
[24.110s] -- Installing: /home/ggmc/Documents/Prova1M6/install/turtlesim/share/turtlesim/cmake/ament_cmake_export_targets-extras.cmake
[24.110s] -- Installing: /home/ggmc/Documents/Prova1M6/install/turtlesim/share/turtlesim/cmake/rosidl_cmake_export_typesupport_targets-extras.cmake
[24.110s] -- Installing: /home/ggmc/Documents/Prova1M6/install/turtlesim/share/turtlesim/cmake/rosidl_cmake_export_typesupport_libraries-extras.cmake
[24.110s] -- Installing: /home/ggmc/Documents/Prova1M6/install/turtlesim/share/turtlesim/cmake/turtlesimConfig.cmake
[24.110s] -- Installing: /home/ggmc/Documents/Prova1M6/install/turtlesim/share/turtlesim/cmake/turtlesimConfig-version.cmake
[24.110s] -- Installing: /home/ggmc/Documents/Prova1M6/install/turtlesim/share/turtlesim/package.xml
[24.112s] Invoked command in '/home/ggmc/Documents/Prova1M6/build/turtlesim' returned '0': CMAKE_PREFIX_PATH=/opt/ros/humble /usr/bin/cmake --install /home/ggmc/Documents/Prova1M6/build/turtlesim
